Using pre-set license
Built from '6000.0/staging' branch; Version is '6000.0.58f1 (44b8bf3a3225) revision 4503743'; Using compiler version '193933523'; Build Type 'Release'
OS: 'Windows 11  (10.0.26100) 64bit Core' Language: 'es' Physical Memory: 7938 MB
BatchMode: 1, IsHumanControllingUs: 0, StartBugReporterOnCrash: 0, Is64bit: 1
Date: 2025-11-08T11:21:33Z

COMMAND LINE ARGUMENTS:
C:\Program Files\Unity\Hub\Editor\6000.0.58f1\Editor\Unity.exe
-adb2
-batchMode
-noUpm
-name
AssetImportWorker1
-projectPath
C:/Users/Usuario/Desktop/2dotrabajo-Motores/Terrorjugo-2025/Terrorrr
-logFile
Logs/AssetImportWorker1.log
-srvPort
57030
-job-worker-count
3
-background-job-worker-count
8
-gc-helper-count
1
-name
AssetImport
Successfully changed project path to: C:/Users/Usuario/Desktop/2dotrabajo-Motores/Terrorjugo-2025/Terrorrr
C:/Users/Usuario/Desktop/2dotrabajo-Motores/Terrorjugo-2025/Terrorrr
[UnityMemory] Configuration Parameters - Can be set up in boot.config
    "memorysetup-bucket-allocator-granularity=16"
    "memorysetup-bucket-allocator-bucket-count=8"
    "memorysetup-bucket-allocator-block-size=33554432"
    "memorysetup-bucket-allocator-block-count=8"
    "memorysetup-main-allocator-block-size=16777216"
    "memorysetup-thread-allocator-block-size=16777216"
    "memorysetup-gfx-main-allocator-block-size=16777216"
    "memorysetup-gfx-thread-allocator-block-size=16777216"
    "memorysetup-cache-allocator-block-size=4194304"
    "memorysetup-typetree-allocator-block-size=2097152"
    "memorysetup-profiler-bucket-allocator-granularity=16"
    "memorysetup-profiler-bucket-allocator-bucket-count=8"
    "memorysetup-profiler-bucket-allocator-block-size=33554432"
    "memorysetup-profiler-bucket-allocator-block-count=8"
    "memorysetup-profiler-allocator-block-size=16777216"
    "memorysetup-profiler-editor-allocator-block-size=1048576"
    "memorysetup-temp-allocator-size-main=16777216"
    "memorysetup-job-temp-allocator-block-size=2097152"
    "memorysetup-job-temp-allocator-block-size-background=1048576"
    "memorysetup-job-temp-allocator-reduction-small-platforms=262144"
    "memorysetup-allocator-temp-initial-block-size-main=262144"
    "memorysetup-allocator-temp-initial-block-size-worker=262144"
    "memorysetup-temp-allocator-size-background-worker=32768"
    "memorysetup-temp-allocator-size-job-worker=262144"
    "memorysetup-temp-allocator-size-preload-manager=33554432"
    "memorysetup-temp-allocator-size-nav-mesh-worker=65536"
    "memorysetup-temp-allocator-size-audio-worker=65536"
    "memorysetup-temp-allocator-size-cloud-worker=32768"
    "memorysetup-temp-allocator-size-gi-baking-worker=262144"
    "memorysetup-temp-allocator-size-gi-baking-worker=262144"
    "memorysetup-temp-allocator-size-gi-baking-worker=262144"
    "memorysetup-temp-allocator-size-gi-baking-worker=262144"
    "memorysetup-temp-allocator-size-gi-baking-worker=262144"
    "memorysetup-temp-allocator-size-gfx=262144"
Player connection [13584]  Target information:

Player connection [13584]  * "[IP] 192.168.0.12 [Port] 0 [Flags] 2 [Guid] 2752973552 [EditorId] 2752973552 [Version] 1048832 [Id] WindowsEditor(7,DESKTOP-G5G5DCP) [Debug] 1 [PackageName] WindowsEditor [ProjectName] Editor" 

Player connection [13584] Host joined multi-casting on [225.0.0.222:54997]...
Player connection [13584] Host joined alternative multi-casting on [225.0.0.222:34997]...
JobSystem: Creating JobQueue using job-worker-count value 3
Input System module state changed to: Initialized.
[Physics::Module] Initialized fallback backend.
[Physics::Module] Id: 0xdecafbad
Library Redirect Path: Library/
[Physics::Module] Selected backend.
[Physics::Module] Name: PhysX
[Physics::Module] Id: 0xf2b8ea05
[Physics::Module] SDK Version: 4.1.2
[Physics::Module] Integration Version: 1.0.0
[Physics::Module] Threading Mode: Multi-Threaded
Refreshing native plugins compatible for Editor in 12.95 ms, found 3 plugins.
Preloading 0 native plugins for Editor in 0.00 ms.
Initialize engine version: 6000.0.58f1 (44b8bf3a3225)
[Subsystems] Discovering subsystems at path C:/Program Files/Unity/Hub/Editor/6000.0.58f1/Editor/Data/Resources/UnitySubsystems
[Subsystems] Discovering subsystems at path C:/Users/Usuario/Desktop/2dotrabajo-Motores/Terrorjugo-2025/Terrorrr/Assets
GfxDevice: creating device client; kGfxThreadingModeNonThreaded
Direct3D:
    Version:  Direct3D 11.0 [level 11.1]
    Renderer: Intel(R) Iris(R) Plus Graphics (ID=0x8a52)
    Vendor:   Intel
    VRAM:     3969 MB
    Driver:   31.0.101.2135
Initialize mono
Mono path[0] = 'C:/Program Files/Unity/Hub/Editor/6000.0.58f1/Editor/Data/Managed'
Mono path[1] = 'C:/Program Files/Unity/Hub/Editor/6000.0.58f1/Editor/Data/MonoBleedingEdge/lib/mono/unityjit-win32'
Mono config path = 'C:/Program Files/Unity/Hub/Editor/6000.0.58f1/Editor/Data/MonoBleedingEdge/etc'
Using monoOptions --debugger-agent=transport=dt_socket,embedding=1,server=y,suspend=n,address=127.0.0.1:56216
Begin MonoManager ReloadAssembly
Registering precompiled unity dll's ...
Register platform support module: C:/Program Files/Unity/Hub/Editor/6000.0.58f1/Editor/Data/PlaybackEngines/WindowsStandaloneSupport/UnityEditor.WindowsStandalone.Extensions.dll
Registered in 0.006028 seconds.
- Loaded All Assemblies, in  0.772 seconds
Native extension for WindowsStandalone target not found
Mono: successfully reloaded assembly
- Finished resetting the current domain, in  0.658 seconds
Domain Reload Profiling: 1427ms
	BeginReloadAssembly (297ms)
		ExecutionOrderSort (0ms)
		DisableScriptedObjects (0ms)
		BackupInstance (0ms)
		ReleaseScriptingObjects (0ms)
		CreateAndSetChildDomain (2ms)
	RebuildCommonClasses (65ms)
	RebuildNativeTypeToScriptingClass (19ms)
	initialDomainReloadingComplete (82ms)
	LoadAllAssembliesAndSetupDomain (308ms)
		LoadAssemblies (285ms)
		RebuildTransferFunctionScriptingTraits (0ms)
		AnalyzeDomain (303ms)
			TypeCache.Refresh (301ms)
				TypeCache.ScanAssembly (280ms)
			BuildScriptInfoCaches (0ms)
			ResolveRequiredComponents (1ms)
	FinalizeReload (658ms)
		ReleaseScriptCaches (0ms)
		RebuildScriptCaches (0ms)
		SetupLoadedEditorAssemblies (599ms)
			LogAssemblyErrors (0ms)
			InitializePlatformSupportModulesInManaged (40ms)
			SetLoadedEditorAssemblies (7ms)
			BeforeProcessingInitializeOnLoad (119ms)
			ProcessInitializeOnLoadAttributes (334ms)
			ProcessInitializeOnLoadMethodAttributes (98ms)
			AfterProcessingInitializeOnLoad (0ms)
			EditorAssembliesLoaded (0ms)
		ExecutionOrderSort2 (0ms)
		AwakeInstancesAfterBackupRestoration (0ms)
========================================================================
Worker process is ready to serve import requests
Import Worker Mode flag is 0x00
Begin MonoManager ReloadAssembly
- Loaded All Assemblies, in  1.500 seconds
Refreshing native plugins compatible for Editor in 3.24 ms, found 3 plugins.
Native extension for WindowsStandalone target not found
Package Manager log level set to [2]
[Package Manager] Failed to launch server process. Reason: Unity was launched with the -noUpm command-line argument
[Package Manager] Unable to send message (not connected to server process).
[Package Manager] Cannot connect to Unity Package Manager local server
Mono: successfully reloaded assembly
- Finished resetting the current domain, in  2.395 seconds
Domain Reload Profiling: 3886ms
	BeginReloadAssembly (327ms)
		ExecutionOrderSort (0ms)
		DisableScriptedObjects (10ms)
		BackupInstance (0ms)
		ReleaseScriptingObjects (0ms)
		CreateAndSetChildDomain (57ms)
	RebuildCommonClasses (55ms)
	RebuildNativeTypeToScriptingClass (17ms)
	initialDomainReloadingComplete (52ms)
	LoadAllAssembliesAndSetupDomain (1040ms)
		LoadAssemblies (767ms)
		RebuildTransferFunctionScriptingTraits (0ms)
		AnalyzeDomain (462ms)
			TypeCache.Refresh (326ms)
				TypeCache.ScanAssembly (303ms)
			BuildScriptInfoCaches (113ms)
			ResolveRequiredComponents (18ms)
	FinalizeReload (2397ms)
		ReleaseScriptCaches (0ms)
		RebuildScriptCaches (0ms)
		SetupLoadedEditorAssemblies (1803ms)
			LogAssemblyErrors (0ms)
			InitializePlatformSupportModulesInManaged (5ms)
			SetLoadedEditorAssemblies (10ms)
			BeforeProcessingInitializeOnLoad (360ms)
			ProcessInitializeOnLoadAttributes (1307ms)
			ProcessInitializeOnLoadMethodAttributes (108ms)
			AfterProcessingInitializeOnLoad (13ms)
			EditorAssembliesLoaded (0ms)
		ExecutionOrderSort2 (0ms)
		AwakeInstancesAfterBackupRestoration (16ms)
Launched and connected shader compiler UnityShaderCompiler.exe after 0.02 seconds
Refreshing native plugins compatible for Editor in 2.39 ms, found 3 plugins.
Preloading 0 native plugins for Editor in 0.00 ms.
Unloading 31 Unused Serialized files (Serialized files now loaded: 0)
Unloading 6113 unused Assets / (7.0 MB). Loaded Objects now: 6768.
Memory consumption went from 129.2 MB to 122.2 MB.
Total: 22.950000 ms (FindLiveObjects: 1.755100 ms CreateObjectMapping: 1.175400 ms MarkObjects: 9.714200 ms  DeleteObjects: 10.303500 ms)

========================================================================
Received Import Request.
  Time since last request: 438013.698992 seconds.
  path: Assets/MiscTextures/Bricks3.jpg
  artifactKey: Guid(676a828f1a8af5941a639b5150b10268) Importer(815301076,1909f56bfc062723c751e8b465ee728b)
Start importing Assets/MiscTextures/Bricks3.jpg using Guid(676a828f1a8af5941a639b5150b10268) Importer(815301076,1909f56bfc062723c751e8b465ee728b) (PreviewImporter) -> (artifact id: '5427e3818880e5e59f13199e6e618dc3') in 0.2038722 seconds
Number of updated asset objects reloaded before import = 0Number of asset objects unloaded after import = 2

========================================================================
Received Import Request.
  Time since last request: 0.000053 seconds.
  path: Assets/MiscTextures/Dirt.jpg
  artifactKey: Guid(26866e96d1a58f745988ddb0f55d46c5) Importer(815301076,1909f56bfc062723c751e8b465ee728b)
Start importing Assets/MiscTextures/Dirt.jpg using Guid(26866e96d1a58f745988ddb0f55d46c5) Importer(815301076,1909f56bfc062723c751e8b465ee728b) (PreviewImporter) -> (artifact id: 'b975597ab0cc7b7f2fe59297c5a4dfd6') in 0.0437006 seconds
Number of updated asset objects reloaded before import = 0Number of asset objects unloaded after import = 2

========================================================================
Received Import Request.
  Time since last request: 0.000055 seconds.
  path: Assets/UI/HandUI.png
  artifactKey: Guid(ee50af7e7efade8448132f16ffc8426a) Importer(815301076,1909f56bfc062723c751e8b465ee728b)
Start importing Assets/UI/HandUI.png using Guid(ee50af7e7efade8448132f16ffc8426a) Importer(815301076,1909f56bfc062723c751e8b465ee728b) (PreviewImporter) -> (artifact id: '4eec6b1c971d0d870d9d6abaa2b380c5') in 0.0287475 seconds
Number of updated asset objects reloaded before import = 0Number of asset objects unloaded after import = 2

========================================================================
Received Import Request.
  Time since last request: 0.000024 seconds.
  path: Assets/MiscTextures/Carpet3.jpg
  artifactKey: Guid(2d6dd528f9afb9d409df70f1902da9a2) Importer(815301076,1909f56bfc062723c751e8b465ee728b)
Start importing Assets/MiscTextures/Carpet3.jpg using Guid(2d6dd528f9afb9d409df70f1902da9a2) Importer(815301076,1909f56bfc062723c751e8b465ee728b) (PreviewImporter) -> (artifact id: '9181475092396126d074205961d5b455') in 0.0428963 seconds
Number of updated asset objects reloaded before import = 0Number of asset objects unloaded after import = 2

========================================================================
Received Import Request.
  Time since last request: 0.000028 seconds.
  path: Assets/MiscTextures/Metal3.jpg
  artifactKey: Guid(f8f8bc1760c2fc845ba0c482fb54b9a1) Importer(815301076,1909f56bfc062723c751e8b465ee728b)
Start importing Assets/MiscTextures/Metal3.jpg using Guid(f8f8bc1760c2fc845ba0c482fb54b9a1) Importer(815301076,1909f56bfc062723c751e8b465ee728b) (PreviewImporter) -> (artifact id: 'a6ad88a2dcd6d82ce25d1e5f0683f671') in 0.0436679 seconds
Number of updated asset objects reloaded before import = 0Number of asset objects unloaded after import = 2

========================================================================
Received Import Request.
  Time since last request: 0.000061 seconds.
  path: Assets/Models/Chainsaw/3dst41_textured.jpg
  artifactKey: Guid(2460f3c894787ba488eb5565043e3726) Importer(815301076,1909f56bfc062723c751e8b465ee728b)
Start importing Assets/Models/Chainsaw/3dst41_textured.jpg using Guid(2460f3c894787ba488eb5565043e3726) Importer(815301076,1909f56bfc062723c751e8b465ee728b) (PreviewImporter) -> (artifact id: '92c6cef050dd3d3c21e926acf3c40d50') in 0.0443543 seconds
Number of updated asset objects reloaded before import = 0Number of asset objects unloaded after import = 2

========================================================================
Received Import Request.
  Time since last request: 0.000019 seconds.
  path: Assets/MiscTextures/Gold5.jpg
  artifactKey: Guid(8841f66d7a76e894cab88564d78a34f3) Importer(815301076,1909f56bfc062723c751e8b465ee728b)
Start importing Assets/MiscTextures/Gold5.jpg using Guid(8841f66d7a76e894cab88564d78a34f3) Importer(815301076,1909f56bfc062723c751e8b465ee728b) (PreviewImporter) -> (artifact id: '8ea82cbcb8a5594bd0fa3da127212f55') in 0.0310848 seconds
Number of updated asset objects reloaded before import = 0Number of asset objects unloaded after import = 2

========================================================================
Received Import Request.
  Time since last request: 0.000023 seconds.
  path: Assets/MiscTextures/Carpet2.jpg
  artifactKey: Guid(a6220c9c466df734c8bb08f01ff0c96b) Importer(815301076,1909f56bfc062723c751e8b465ee728b)
Start importing Assets/MiscTextures/Carpet2.jpg using Guid(a6220c9c466df734c8bb08f01ff0c96b) Importer(815301076,1909f56bfc062723c751e8b465ee728b) (PreviewImporter) -> (artifact id: 'e548b5755c4b996fbbe024697add6eca') in 0.0273063 seconds
Number of updated asset objects reloaded before import = 0Number of asset objects unloaded after import = 2

========================================================================
Received Import Request.
  Time since last request: 0.000076 seconds.
  path: Assets/MiscTextures/Cloth3.jpg
  artifactKey: Guid(65fda06479b5165458dbb4f22f85c50a) Importer(815301076,1909f56bfc062723c751e8b465ee728b)
Start importing Assets/MiscTextures/Cloth3.jpg using Guid(65fda06479b5165458dbb4f22f85c50a) Importer(815301076,1909f56bfc062723c751e8b465ee728b) (PreviewImporter) -> (artifact id: '1c0fc17a5f8eeda2641fc39a3ee30c3d') in 0.0504207 seconds
Number of updated asset objects reloaded before import = 0Number of asset objects unloaded after import = 2

========================================================================
Received Import Request.
  Time since last request: 0.000042 seconds.
  path: Assets/MiscTextures/Grass2.jpg
  artifactKey: Guid(00ebf38dbdbc77a4b9e69030f087abc3) Importer(815301076,1909f56bfc062723c751e8b465ee728b)
Start importing Assets/MiscTextures/Grass2.jpg using Guid(00ebf38dbdbc77a4b9e69030f087abc3) Importer(815301076,1909f56bfc062723c751e8b465ee728b) (PreviewImporter) -> (artifact id: '591347d34bfa7092860b0011f0b4f971') in 0.0711909 seconds
Number of updated asset objects reloaded before import = 0Number of asset objects unloaded after import = 2

========================================================================
Received Import Request.
  Time since last request: 0.000029 seconds.
  path: Assets/MiscTextures/Bricks.jpg
  artifactKey: Guid(6371b5115d33ec040a49909a4c030ba6) Importer(815301076,1909f56bfc062723c751e8b465ee728b)
Start importing Assets/MiscTextures/Bricks.jpg using Guid(6371b5115d33ec040a49909a4c030ba6) Importer(815301076,1909f56bfc062723c751e8b465ee728b) (PreviewImporter) -> (artifact id: 'b3a9b7d1f18e81e52a1daa6bcbcb0215') in 0.0401194 seconds
Number of updated asset objects reloaded before import = 0Number of asset objects unloaded after import = 2

========================================================================
Received Import Request.
  Time since last request: 0.000064 seconds.
  path: Assets/MiscTextures/Metal2.jpg
  artifactKey: Guid(ebd48acbdc14c7841b4cff07f1821046) Importer(815301076,1909f56bfc062723c751e8b465ee728b)
Start importing Assets/MiscTextures/Metal2.jpg using Guid(ebd48acbdc14c7841b4cff07f1821046) Importer(815301076,1909f56bfc062723c751e8b465ee728b) (PreviewImporter) -> (artifact id: '508c98345681886375323913cb274567') in 0.0448639 seconds
Number of updated asset objects reloaded before import = 0Number of asset objects unloaded after import = 2

========================================================================
Received Import Request.
  Time since last request: 0.000051 seconds.
  path: Assets/MiscTextures/Grass.jpg
  artifactKey: Guid(a0b15e8f578833341a74a68985a19b95) Importer(815301076,1909f56bfc062723c751e8b465ee728b)
Start importing Assets/MiscTextures/Grass.jpg using Guid(a0b15e8f578833341a74a68985a19b95) Importer(815301076,1909f56bfc062723c751e8b465ee728b) (PreviewImporter) -> (artifact id: 'b1f9a9839e47561103ce7b42a3987bf4') in 0.0388942 seconds
Number of updated asset objects reloaded before import = 0Number of asset objects unloaded after import = 2

========================================================================
Received Import Request.
  Time since last request: 0.000021 seconds.
  path: Assets/MiscTextures/Dirt4.jpg
  artifactKey: Guid(edccadaa809ad364a9985bd9a7e886a3) Importer(815301076,1909f56bfc062723c751e8b465ee728b)
Start importing Assets/MiscTextures/Dirt4.jpg using Guid(edccadaa809ad364a9985bd9a7e886a3) Importer(815301076,1909f56bfc062723c751e8b465ee728b) (PreviewImporter) -> (artifact id: 'af8915b0aea72b104708946b937129e8') in 0.033685 seconds
Number of updated asset objects reloaded before import = 0Number of asset objects unloaded after import = 2

========================================================================
Received Import Request.
  Time since last request: 0.000066 seconds.
  path: Assets/MiscTextures/Carpet6.jpg
  artifactKey: Guid(af7d1344a98a33e4aac38555015725f9) Importer(815301076,1909f56bfc062723c751e8b465ee728b)
Start importing Assets/MiscTextures/Carpet6.jpg using Guid(af7d1344a98a33e4aac38555015725f9) Importer(815301076,1909f56bfc062723c751e8b465ee728b) (PreviewImporter) -> (artifact id: 'd86951bd827f2ebbe0d27ea1f5f8b918') in 0.0437547 seconds
Number of updated asset objects reloaded before import = 0Number of asset objects unloaded after import = 2

========================================================================
Received Import Request.
  Time since last request: 0.000025 seconds.
  path: Assets/MiscTextures/Gold2.jpg
  artifactKey: Guid(77fd2f0e0f7491847b21ed1eb909f87c) Importer(815301076,1909f56bfc062723c751e8b465ee728b)
Start importing Assets/MiscTextures/Gold2.jpg using Guid(77fd2f0e0f7491847b21ed1eb909f87c) Importer(815301076,1909f56bfc062723c751e8b465ee728b) (PreviewImporter) -> (artifact id: '4d8010959c57150e39a4df0ef3db8b28') in 0.0289751 seconds
Number of updated asset objects reloaded before import = 0Number of asset objects unloaded after import = 2

========================================================================
Received Import Request.
  Time since last request: 0.000040 seconds.
  path: Assets/MiscTextures/Metal.jpg
  artifactKey: Guid(b4d9320e0f19bfe42a227e900a3e595d) Importer(815301076,1909f56bfc062723c751e8b465ee728b)
Start importing Assets/MiscTextures/Metal.jpg using Guid(b4d9320e0f19bfe42a227e900a3e595d) Importer(815301076,1909f56bfc062723c751e8b465ee728b) (PreviewImporter) -> (artifact id: 'cb903899a6370bc637777d21f64e7158') in 0.0291257 seconds
Number of updated asset objects reloaded before import = 0Number of asset objects unloaded after import = 2

========================================================================
Received Import Request.
  Time since last request: 0.000034 seconds.
  path: Assets/MiscTextures/Gold.jpg
  artifactKey: Guid(42434468140f91744af47517407fd79e) Importer(815301076,1909f56bfc062723c751e8b465ee728b)
Start importing Assets/MiscTextures/Gold.jpg using Guid(42434468140f91744af47517407fd79e) Importer(815301076,1909f56bfc062723c751e8b465ee728b) (PreviewImporter) -> (artifact id: '25326c5089f388bfd2ec110c5c1d9123') in 0.0666473 seconds
Number of updated asset objects reloaded before import = 0Number of asset objects unloaded after import = 2

========================================================================
Received Import Request.
  Time since last request: 0.000044 seconds.
  path: Assets/MiscTextures/Gold4.jpg
  artifactKey: Guid(e90e2ce045a7e044b8c550c1df993d38) Importer(815301076,1909f56bfc062723c751e8b465ee728b)
Start importing Assets/MiscTextures/Gold4.jpg using Guid(e90e2ce045a7e044b8c550c1df993d38) Importer(815301076,1909f56bfc062723c751e8b465ee728b) (PreviewImporter) -> (artifact id: 'fe145f29f4bf69218668fd88ba3e66b9') in 0.0557105 seconds
Number of updated asset objects reloaded before import = 0Number of asset objects unloaded after import = 2

========================================================================
Received Import Request.
  Time since last request: 0.000031 seconds.
  path: Assets/MiscTextures/Metal5.jpg
  artifactKey: Guid(fd78724c082a8b64dab97b14c02e7d42) Importer(815301076,1909f56bfc062723c751e8b465ee728b)
Start importing Assets/MiscTextures/Metal5.jpg using Guid(fd78724c082a8b64dab97b14c02e7d42) Importer(815301076,1909f56bfc062723c751e8b465ee728b) (PreviewImporter) -> (artifact id: '09211d34c6b9f0f31881f444ff6c5ae6') in 0.0438877 seconds
Number of updated asset objects reloaded before import = 0Number of asset objects unloaded after import = 2

========================================================================
Received Import Request.
  Time since last request: 0.000067 seconds.
  path: Assets/MiscTextures/Gold3.jpg
  artifactKey: Guid(f6b21351f73387343909fa689cdc89ab) Importer(815301076,1909f56bfc062723c751e8b465ee728b)
Start importing Assets/MiscTextures/Gold3.jpg using Guid(f6b21351f73387343909fa689cdc89ab) Importer(815301076,1909f56bfc062723c751e8b465ee728b) (PreviewImporter) -> (artifact id: 'c1c6bb29d9c5eb62c76db84037d2165e') in 0.0390692 seconds
Number of updated asset objects reloaded before import = 0Number of asset objects unloaded after import = 2

========================================================================
Received Import Request.
  Time since last request: 0.000028 seconds.
  path: Assets/MiscTextures/Cloth2.jpg
  artifactKey: Guid(bb215eea7a6459242bcfa9987efa19a9) Importer(815301076,1909f56bfc062723c751e8b465ee728b)
Start importing Assets/MiscTextures/Cloth2.jpg using Guid(bb215eea7a6459242bcfa9987efa19a9) Importer(815301076,1909f56bfc062723c751e8b465ee728b) (PreviewImporter) -> (artifact id: '27d2e29754116d25a1d40c75babe976f') in 0.0383468 seconds
Number of updated asset objects reloaded before import = 0Number of asset objects unloaded after import = 2

========================================================================
Received Import Request.
  Time since last request: 0.000021 seconds.
  path: Assets/MiscTextures/Carpet.jpg
  artifactKey: Guid(05ff19e236bb5cf4fb18c7e92a7162b5) Importer(815301076,1909f56bfc062723c751e8b465ee728b)
Start importing Assets/MiscTextures/Carpet.jpg using Guid(05ff19e236bb5cf4fb18c7e92a7162b5) Importer(815301076,1909f56bfc062723c751e8b465ee728b) (PreviewImporter) -> (artifact id: '8bde3d32c9e11572ecd45f1036214ea2') in 0.0410228 seconds
Number of updated asset objects reloaded before import = 0Number of asset objects unloaded after import = 2

========================================================================
Received Import Request.
  Time since last request: 0.000053 seconds.
  path: Assets/MiscTextures/Carpet4.jpg
  artifactKey: Guid(27dc6ad7048af044b930252d3e627f05) Importer(815301076,1909f56bfc062723c751e8b465ee728b)
Start importing Assets/MiscTextures/Carpet4.jpg using Guid(27dc6ad7048af044b930252d3e627f05) Importer(815301076,1909f56bfc062723c751e8b465ee728b) (PreviewImporter) -> (artifact id: 'daa1d85426542606dd3e3c74b8d9486a') in 0.0400742 seconds
Number of updated asset objects reloaded before import = 0Number of asset objects unloaded after import = 2

========================================================================
Received Import Request.
  Time since last request: 0.000049 seconds.
  path: Assets/MiscTextures/Cloth5.jpg
  artifactKey: Guid(19b6fd224e63b154c9b321260e1a2d6c) Importer(815301076,1909f56bfc062723c751e8b465ee728b)
Start importing Assets/MiscTextures/Cloth5.jpg using Guid(19b6fd224e63b154c9b321260e1a2d6c) Importer(815301076,1909f56bfc062723c751e8b465ee728b) (PreviewImporter) -> (artifact id: 'ea20ddff71208424e3d889e026a53d43') in 0.031876 seconds
Number of updated asset objects reloaded before import = 0Number of asset objects unloaded after import = 2

========================================================================
Received Import Request.
  Time since last request: 6.640802 seconds.
  path: Assets/Models/Zombie/workerSubs_hangers_AlbedoTransparency.png
  artifactKey: Guid(e89c2cf594763e948a17b717b1fe179f) Importer(815301076,1909f56bfc062723c751e8b465ee728b)
Start importing Assets/Models/Zombie/workerSubs_hangers_AlbedoTransparency.png using Guid(e89c2cf594763e948a17b717b1fe179f) Importer(815301076,1909f56bfc062723c751e8b465ee728b) (PreviewImporter) -> (artifact id: 'fa38c32eb364e8634ac9c18cb0fe3d92') in 0.0327179 seconds
Number of updated asset objects reloaded before import = 0Number of asset objects unloaded after import = 2

========================================================================
Received Import Request.
  Time since last request: 0.000034 seconds.
  path: Assets/Models/Zombie/workerSubs_tshirt_AlbedoTransparency.png
  artifactKey: Guid(ab22b9c119a81774796447080762772d) Importer(815301076,1909f56bfc062723c751e8b465ee728b)
Start importing Assets/Models/Zombie/workerSubs_tshirt_AlbedoTransparency.png using Guid(ab22b9c119a81774796447080762772d) Importer(815301076,1909f56bfc062723c751e8b465ee728b) (PreviewImporter) -> (artifact id: 'daa54c3420a254d9dcf73bb1196a0a35') in 0.081425 seconds
Number of updated asset objects reloaded before import = 0Number of asset objects unloaded after import = 2

========================================================================
Received Import Request.
  Time since last request: 0.000021 seconds.
  path: Assets/Models/Zombie/workerSubs_worker_Normal.png
  artifactKey: Guid(c9e1e9ab845158749b27db1cb07788e9) Importer(815301076,1909f56bfc062723c751e8b465ee728b)
Start importing Assets/Models/Zombie/workerSubs_worker_Normal.png using Guid(c9e1e9ab845158749b27db1cb07788e9) Importer(815301076,1909f56bfc062723c751e8b465ee728b) (PreviewImporter) -> (artifact id: '6da8a1355e758f93a64a4baf42b1dbb5') in 0.0442667 seconds
Number of updated asset objects reloaded before import = 0Number of asset objects unloaded after import = 2

========================================================================
Received Import Request.
  Time since last request: 0.000034 seconds.
  path: Assets/Models/Zombie/workerSubs_worker_AlbedoTransparency.png
  artifactKey: Guid(33ce9d22a6689d346af4bea5ca1d9475) Importer(815301076,1909f56bfc062723c751e8b465ee728b)
Start importing Assets/Models/Zombie/workerSubs_worker_AlbedoTransparency.png using Guid(33ce9d22a6689d346af4bea5ca1d9475) Importer(815301076,1909f56bfc062723c751e8b465ee728b) (PreviewImporter) -> (artifact id: '2209aa1f9560189f82cf53d03e4dfee5') in 0.0493173 seconds
Number of updated asset objects reloaded before import = 0Number of asset objects unloaded after import = 2

========================================================================
Received Prepare
Begin MonoManager ReloadAssembly
- Loaded All Assemblies, in  1.033 seconds
Refreshing native plugins compatible for Editor in 2.28 ms, found 3 plugins.
Native extension for WindowsStandalone target not found
[Package Manager] Failed to launch server process. Reason: Unity was launched with the -noUpm command-line argument
[Package Manager] Unable to send message (not connected to server process).
[Package Manager] Cannot connect to Unity Package Manager local server
Mono: successfully reloaded assembly
- Finished resetting the current domain, in  1.312 seconds
Domain Reload Profiling: 2344ms
	BeginReloadAssembly (302ms)
		ExecutionOrderSort (0ms)
		DisableScriptedObjects (11ms)
		BackupInstance (0ms)
		ReleaseScriptingObjects (0ms)
		CreateAndSetChildDomain (72ms)
	RebuildCommonClasses (56ms)
	RebuildNativeTypeToScriptingClass (20ms)
	initialDomainReloadingComplete (42ms)
	LoadAllAssembliesAndSetupDomain (612ms)
		LoadAssemblies (466ms)
		RebuildTransferFunctionScriptingTraits (0ms)
		AnalyzeDomain (292ms)
			TypeCache.Refresh (8ms)
				TypeCache.ScanAssembly (0ms)
			BuildScriptInfoCaches (258ms)
			ResolveRequiredComponents (19ms)
	FinalizeReload (1313ms)
		ReleaseScriptCaches (0ms)
		RebuildScriptCaches (0ms)
		SetupLoadedEditorAssemblies (1056ms)
			LogAssemblyErrors (0ms)
			InitializePlatformSupportModulesInManaged (3ms)
			SetLoadedEditorAssemblies (8ms)
			BeforeProcessingInitializeOnLoad (192ms)
			ProcessInitializeOnLoadAttributes (735ms)
			ProcessInitializeOnLoadMethodAttributes (104ms)
			AfterProcessingInitializeOnLoad (11ms)
			EditorAssembliesLoaded (0ms)
		ExecutionOrderSort2 (0ms)
		AwakeInstancesAfterBackupRestoration (31ms)
Refreshing native plugins compatible for Editor in 2.87 ms, found 3 plugins.
Preloading 0 native plugins for Editor in 0.00 ms.
Unloading 29 Unused Serialized files (Serialized files now loaded: 0)
Unloading 6108 unused Assets / (6.2 MB). Loaded Objects now: 6791.
Memory consumption went from 139.9 MB to 133.7 MB.
Total: 15.203100 ms (FindLiveObjects: 0.959100 ms CreateObjectMapping: 1.004500 ms MarkObjects: 8.449200 ms  DeleteObjects: 4.787700 ms)

Prepare: number of updated asset objects reloaded= 0
========================================================================
Received Prepare
Begin MonoManager ReloadAssembly
- Loaded All Assemblies, in  1.087 seconds
Refreshing native plugins compatible for Editor in 1.77 ms, found 3 plugins.
Native extension for WindowsStandalone target not found
[Package Manager] Failed to launch server process. Reason: Unity was launched with the -noUpm command-line argument
[Package Manager] Unable to send message (not connected to server process).
[Package Manager] Cannot connect to Unity Package Manager local server
Mono: successfully reloaded assembly
- Finished resetting the current domain, in  1.333 seconds
Domain Reload Profiling: 2420ms
	BeginReloadAssembly (315ms)
		ExecutionOrderSort (0ms)
		DisableScriptedObjects (8ms)
		BackupInstance (0ms)
		ReleaseScriptingObjects (0ms)
		CreateAndSetChildDomain (75ms)
	RebuildCommonClasses (67ms)
	RebuildNativeTypeToScriptingClass (24ms)
	initialDomainReloadingComplete (49ms)
	LoadAllAssembliesAndSetupDomain (631ms)
		LoadAssemblies (466ms)
		RebuildTransferFunctionScriptingTraits (0ms)
		AnalyzeDomain (299ms)
			TypeCache.Refresh (9ms)
				TypeCache.ScanAssembly (0ms)
			BuildScriptInfoCaches (268ms)
			ResolveRequiredComponents (14ms)
	FinalizeReload (1334ms)
		ReleaseScriptCaches (0ms)
		RebuildScriptCaches (0ms)
		SetupLoadedEditorAssemblies (1100ms)
			LogAssemblyErrors (0ms)
			InitializePlatformSupportModulesInManaged (4ms)
			SetLoadedEditorAssemblies (8ms)
			BeforeProcessingInitializeOnLoad (201ms)
			ProcessInitializeOnLoadAttributes (771ms)
			ProcessInitializeOnLoadMethodAttributes (105ms)
			AfterProcessingInitializeOnLoad (11ms)
			EditorAssembliesLoaded (0ms)
		ExecutionOrderSort2 (0ms)
		AwakeInstancesAfterBackupRestoration (29ms)
Refreshing native plugins compatible for Editor in 1.96 ms, found 3 plugins.
Preloading 0 native plugins for Editor in 0.00 ms.
Unloading 29 Unused Serialized files (Serialized files now loaded: 0)
Unloading 6108 unused Assets / (6.7 MB). Loaded Objects now: 6794.
Memory consumption went from 139.9 MB to 133.2 MB.
Total: 21.935500 ms (FindLiveObjects: 0.854900 ms CreateObjectMapping: 1.206600 ms MarkObjects: 8.849700 ms  DeleteObjects: 11.022900 ms)

Prepare: number of updated asset objects reloaded= 0
========================================================================
Received Prepare
Begin MonoManager ReloadAssembly
- Loaded All Assemblies, in  1.014 seconds
Refreshing native plugins compatible for Editor in 1.57 ms, found 3 plugins.
Native extension for WindowsStandalone target not found
[Package Manager] Failed to launch server process. Reason: Unity was launched with the -noUpm command-line argument
[Package Manager] Unable to send message (not connected to server process).
[Package Manager] Cannot connect to Unity Package Manager local server
Mono: successfully reloaded assembly
- Finished resetting the current domain, in  1.325 seconds
Domain Reload Profiling: 2340ms
	BeginReloadAssembly (280ms)
		ExecutionOrderSort (0ms)
		DisableScriptedObjects (12ms)
		BackupInstance (0ms)
		ReleaseScriptingObjects (0ms)
		CreateAndSetChildDomain (61ms)
	RebuildCommonClasses (52ms)
	RebuildNativeTypeToScriptingClass (20ms)
	initialDomainReloadingComplete (36ms)
	LoadAllAssembliesAndSetupDomain (626ms)
		LoadAssemblies (435ms)
		RebuildTransferFunctionScriptingTraits (0ms)
		AnalyzeDomain (321ms)
			TypeCache.Refresh (9ms)
				TypeCache.ScanAssembly (0ms)
			BuildScriptInfoCaches (289ms)
			ResolveRequiredComponents (16ms)
	FinalizeReload (1326ms)
		ReleaseScriptCaches (0ms)
		RebuildScriptCaches (0ms)
		SetupLoadedEditorAssemblies (1094ms)
			LogAssemblyErrors (0ms)
			InitializePlatformSupportModulesInManaged (3ms)
			SetLoadedEditorAssemblies (8ms)
			BeforeProcessingInitializeOnLoad (206ms)
			ProcessInitializeOnLoadAttributes (781ms)
			ProcessInitializeOnLoadMethodAttributes (89ms)
			AfterProcessingInitializeOnLoad (7ms)
			EditorAssembliesLoaded (0ms)
		ExecutionOrderSort2 (0ms)
		AwakeInstancesAfterBackupRestoration (29ms)
Refreshing native plugins compatible for Editor in 4.95 ms, found 3 plugins.
Preloading 0 native plugins for Editor in 0.00 ms.
Unloading 29 Unused Serialized files (Serialized files now loaded: 0)
Unloading 6108 unused Assets / (6.1 MB). Loaded Objects now: 6797.
Memory consumption went from 139.9 MB to 133.8 MB.
Total: 21.503200 ms (FindLiveObjects: 1.145800 ms CreateObjectMapping: 2.023500 ms MarkObjects: 10.581000 ms  DeleteObjects: 7.750200 ms)

Prepare: number of updated asset objects reloaded= 0
========================================================================
Received Prepare
Begin MonoManager ReloadAssembly
- Loaded All Assemblies, in  0.982 seconds
Refreshing native plugins compatible for Editor in 2.10 ms, found 3 plugins.
Native extension for WindowsStandalone target not found
[Package Manager] Failed to launch server process. Reason: Unity was launched with the -noUpm command-line argument
[Package Manager] Unable to send message (not connected to server process).
[Package Manager] Cannot connect to Unity Package Manager local server
Mono: successfully reloaded assembly
- Finished resetting the current domain, in  1.327 seconds
Domain Reload Profiling: 2313ms
	BeginReloadAssembly (265ms)
		ExecutionOrderSort (0ms)
		DisableScriptedObjects (8ms)
		BackupInstance (0ms)
		ReleaseScriptingObjects (0ms)
		CreateAndSetChildDomain (59ms)
	RebuildCommonClasses (55ms)
	RebuildNativeTypeToScriptingClass (17ms)
	initialDomainReloadingComplete (33ms)
	LoadAllAssembliesAndSetupDomain (615ms)
		LoadAssemblies (427ms)
		RebuildTransferFunctionScriptingTraits (0ms)
		AnalyzeDomain (309ms)
			TypeCache.Refresh (8ms)
				TypeCache.ScanAssembly (0ms)
			BuildScriptInfoCaches (276ms)
			ResolveRequiredComponents (16ms)
	FinalizeReload (1328ms)
		ReleaseScriptCaches (0ms)
		RebuildScriptCaches (0ms)
		SetupLoadedEditorAssemblies (1084ms)
			LogAssemblyErrors (0ms)
			InitializePlatformSupportModulesInManaged (3ms)
			SetLoadedEditorAssemblies (9ms)
			BeforeProcessingInitializeOnLoad (199ms)
			ProcessInitializeOnLoadAttributes (758ms)
			ProcessInitializeOnLoadMethodAttributes (104ms)
			AfterProcessingInitializeOnLoad (9ms)
			EditorAssembliesLoaded (1ms)
		ExecutionOrderSort2 (0ms)
		AwakeInstancesAfterBackupRestoration (32ms)
Refreshing native plugins compatible for Editor in 4.78 ms, found 3 plugins.
Preloading 0 native plugins for Editor in 0.00 ms.
Unloading 29 Unused Serialized files (Serialized files now loaded: 0)
Unloading 6108 unused Assets / (6.6 MB). Loaded Objects now: 6800.
Memory consumption went from 140.0 MB to 133.4 MB.
Total: 16.889700 ms (FindLiveObjects: 1.310200 ms CreateObjectMapping: 1.591100 ms MarkObjects: 7.244500 ms  DeleteObjects: 6.742300 ms)

Prepare: number of updated asset objects reloaded= 0
